
--- Run started: 2026-07-05T19:08:38.636Z ---
Sandcastle Run
  Agent: planner
  Sandbox: docker
  Max iterations: 1
  Branch: main
Iteration 1/1
Setting up sandbox
  npm install
Setting up sandbox done (0.8s)
Expanding shell expressions
  gh issue list --state open --label Sandcastle --limit 100 --json number,title,body,labels,comments --jq '[.[] | {number, title, body, labels: [.labels[].name], comments: [.comments[].body]}]' → ~81 tokens
Expanding shell expressions done (0.8s)
Agent started
There is only one open issue, so there are no cross-issue dependencies to resolve. Issue #1 is unblocked by definition.

<plan>
{"issues": [{"id": "1", "title": "Scaffold me a basic TypeScript template in the repo", "branch": "sandcastle/issue-1"}]}
</plan>
Agent stopped
Capturing session
Collecting commits
Collecting commits done (0.0s)
Reached max iterations (1).
Run complete: reached 1 iteration(s) without completion signal.
Context window: 21k

--- Run started: 2026-07-05T19:13:01.570Z ---
Sandcastle Run
  Agent: planner
  Sandbox: docker
  Max iterations: 1
  Branch: main
Iteration 1/1
Setting up sandbox
  npm install
Setting up sandbox done (0.7s)
Expanding shell expressions
  gh issue list --state open --label Sandcastle --limit 100 --json number,title,body,labels,comments --jq '[.[] | {number, title, body, labels: [.labels[].name], comments: [.comments[].body]}]' → ~81 tokens
Expanding shell expressions done (0.9s)
Agent started
Bash(ls -la && git log --oneline -3)
There is only one open issue (#1), so it has no other issues to depend on — it is unblocked.

<plan>
{"issues": [{"id": "1", "title": "Scaffold me a basic TypeScript template in the repo", "branch": "sandcastle/issue-1"}]}
</plan>
Agent stopped
Capturing session
Collecting commits
Collecting commits done (0.0s)
Reached max iterations (1).
Run complete: reached 1 iteration(s) without completion signal.
Context window: 21k

--- Run started: 2026-07-05T19:17:21.601Z ---
Sandcastle Run
  Agent: planner
  Sandbox: docker
  Max iterations: 1
  Branch: main
Iteration 1/1
Setting up sandbox
  npm install
Setting up sandbox done (3.7s)
Expanding shell expressions
  gh issue list --state open --label Sandcastle --limit 100 --json number,title,body,labels,comments --jq '[.[] | {number, title, body, labels: [.labels[].name], comments: [.comments[].body]}]' → ~1 tokens
Expanding shell expressions done (0.7s)
Agent started
There are no open issues to work on.

<plan>{"issues": []}</plan>
Agent stopped
Capturing session
Collecting commits
Collecting commits done (0.0s)
Reached max iterations (1).
Run complete: reached 1 iteration(s) without completion signal.
Context window: 21k
