
--- Run started: 2026-07-05T19:11:46.792Z ---
Iteration 1/1
Setting up sandbox
Setting up sandbox done (0.2s)
Expanding shell expressions
  git diff main...sandcastle/issue-1 → ~1883 tokens
  git log main..sandcastle/issue-1 --oneline → ~20 tokens
Expanding shell expressions done (0.1s)
Agent started
I'll review the branch changes. Let me look at the actual files on disk first.I've reviewed all the changed files. This is a small, well-structured TypeScript CLI scaffold. Let me assess it against the review criteria.

**What's already good:**
- `greet.ts` is a clean pure function with clear docs and edge-case handling (trim + fallback), covered by three focused tests.
- `cli.ts` uses dependency injection (`Writer`) to keep the command testable without stubbing globals — a good, minimal abstraction, not an over-engineered one.
- `index.ts` is a thin entry point; separating `buildProgram()` from the shebang entry is exactly right for testability.
- Tests cover the meaningful behaviors (named, default, name/version metadata, whitespace trimming).
- Config (`tsconfig`, `vitest.config`, CI) is standard and appropriate. Strict mode plus `noUnused*` flags are enabled.

**Things I considered and deliberately left alone:**
- **Hardcoded `"0.1.0"` in `cli.ts` duplicating `package.json`** — reading version from `package.json` in an ESM context requires JSON import attributes and pathing that adds more complexity than it removes for a scaffold. Not worth it.
- **`start` and `cli` scripts are identical (`tsx src/index.ts`)** — this is a redundancy, but `start` is the npm-conventional entry point (`npm start`). Removing it would delete a real capability, violating "preserve functionality." Keeping it.
- **`zod` dependency appears unused** — it's pre-existing from the base scaffold, outside the intent of this change, and not something to prune during a clarity pass.

The empty `CODING_STANDARDS.md` (all examples commented out) imposes no additional constraints.

The code is already clean, consistent, and maintainable. Naming is clear, there's no unnecessary nesting, no nested ternaries, no unsafe casts or `any`, no security concerns, and behavior is well covered by tests. Per the instructions, when the code is already well-structured the correct action is to make no changes — so I'm leaving the branch as-is rather than introducing churn for its own sake.

<promise>COMPLETE</promise>
Agent stopped
Capturing session
No commits to sync out
No commits to sync out done (0.0s)
Collecting commits
Collecting commits done (0.0s)
Agent signaled completion after 1 iteration(s).
Run complete: agent finished after 1 iteration(s).
Context window: 27k

--- Run started: 2026-07-05T19:14:55.329Z ---
Iteration 1/1
Setting up sandbox
Setting up sandbox done (0.3s)
Expanding shell expressions
  git diff main...sandcastle/issue-1 → ~54336 tokens
  git log main..sandcastle/issue-1 --oneline → ~43 tokens
Expanding shell expressions done (0.1s)
Agent started
I'll examine the actual source files and verify the current state before deciding on changes.
Bash(ls -la && ls -la src/ 2>/dev/null)
Bash(cat package.json)
Bash(npm run typecheck 2>&1 | tail -20 && echo "---TESTS---" && npm run test 2>&1 | tail -25)
Everything passes. Let me assess the source for genuine improvement opportunities.

The changed code is small and I've read it all in the diff. My assessment:

**Source files (`greet.ts`, `cli.ts`, `index.ts`, tests):** Clean and idiomatic. Good naming (`buildProgram`, `Writer`, `greet`), dependency injection for testability, JSDoc that explains *why* rather than restating code, no nested ternaries, edge cases (whitespace trim, default name) are covered by tests. TypeScript config is strict. Nothing to improve here.

**`package.json`:** The one real redundancy I see is `start` and `cli` being byte-identical (`tsx src/index.ts`). I considered collapsing them, but:
- `npm start` is a widely-expected convention, and `cli` is the documented, self-descriptive name used throughout the README.
- Removing either changes the available script surface (a behavior/interface change), which the task says to preserve.
- Keeping both is a common, harmless pattern.

The leftover scaffolding devDeps (`init`, `npx`, `@ai-hero/sandcastle`) are pre-existing from before this branch (visible in the diff's base) and belong to the sandcastle tooling, not this CLI change — not mine to touch.

I looked for the usual targets — unnecessary complexity, redundant abstractions, unclear names, unsafe casts, `any`, unhandled edge cases, missing test coverage — and found none. The change is a well-structured, minimal, correct CLI scaffold with matching tests and CI.

Per the review guidance ("If the code is already clean and well-structured, do nothing"), I'm making no changes. Typecheck and all 6 tests pass.

<promise>COMPLETE</promise>
Agent stopped
Capturing session
No commits to sync out
No commits to sync out done (0.0s)
Collecting commits
Collecting commits done (0.0s)
Agent signaled completion after 1 iteration(s).
Run complete: agent finished after 1 iteration(s).
Context window: 130k
