
--- Run started: 2026-07-10T17:13:43.045Z ---
Sandcastle Run
  Agent: planner
  Sandbox: docker
  Max iterations: 1
  Branch: main
Iteration 1/1
Setting up sandbox
  npm install
Setting up sandbox done (10.4s)
Expanding shell expressions
  gh issue list --state open --label Sandcastle --limit 100 --json number,title,body,labels,comments --jq '[.[] | {number, title, body, labels: [.labels[].name], comments: [.comments[].body]}]' → ~43 tokens
Expanding shell expressions done (1.4s)
Agent started
There is only one open issue, so there are no inter-issue dependencies to resolve. Issue #6 is unblocked.

<plan>
{"issues": [{"id": "6", "title": "Please clean this afk-1 repository to prepare start programming for next project in this repository", "branch": "sandcastle/issue-6"}]}
</plan>
Agent stopped
Capturing session
Collecting commits
Collecting commits done (0.0s)
Reached max iterations (1).
Run complete: reached 1 iteration(s) without completion signal.
Context window: 21k

--- Run started: 2026-07-10T17:17:55.228Z ---
Sandcastle Run
  Agent: planner
  Sandbox: docker
  Max iterations: 1
  Branch: main
Iteration 1/1
Setting up sandbox
  npm install
Setting up sandbox done (1.7s)
Expanding shell expressions
  gh issue list --state open --label Sandcastle --limit 100 --json number,title,body,labels,comments --jq '[.[] | {number, title, body, labels: [.labels[].name], comments: [.comments[].body]}]' → ~43 tokens
Expanding shell expressions done (0.9s)
Agent started
There is only one open issue (#6), so there are no cross-issue dependencies to resolve. It is unblocked by definition.

<plan>
{"issues": [{"id": "6", "title": "Please clean this afk-1 repository to prepare start programming for next project in this repository", "branch": "sandcastle/issue-6"}]}
</plan>
Agent stopped
Capturing session
Collecting commits
Collecting commits done (0.0s)
Reached max iterations (1).
Run complete: reached 1 iteration(s) without completion signal.
Context window: 21k

--- Run started: 2026-07-10T17:23:19.120Z ---
Sandcastle Run
  Agent: planner
  Sandbox: docker
  Max iterations: 1
  Branch: main
Iteration 1/1
Setting up sandbox
  npm install
Setting up sandbox done (3.5s)
Expanding shell expressions
  gh issue list --state open --label Sandcastle --limit 100 --json number,title,body,labels,comments --jq '[.[] | {number, title, body, labels: [.labels[].name], comments: [.comments[].body]}]' → ~1 tokens
Expanding shell expressions done (1.0s)
Agent started
The issues list is empty, so there's nothing to plan.

<plan>{"issues": []}</plan>
Agent stopped
Capturing session
Collecting commits
Collecting commits done (0.0s)
Reached max iterations (1).
Run complete: reached 1 iteration(s) without completion signal.
Context window: 21k
