
--- Run started: 2026-07-10T17:22:01.841Z ---
Iteration 1/1
Setting up sandbox
Setting up sandbox done (0.3s)
Expanding shell expressions
  git diff main...sandcastle/issue-6 → ~59827 tokens
  git log main..sandcastle/issue-6 --oneline → ~19 tokens
Expanding shell expressions done (0.1s)
Agent started
Bash(ls -la && echo "---vitest---" && cat vitest.config.ts 2>/dev/null || echo "NO vitest.config.ts" && echo "---ci---" && cat .github/workflows/ci.yml 2>/dev/null || echo "NO ci.yml")
Bash(npm run ci 2>&1 | tail -30)
The change is a cleanup that reduced the repo from a large Next.js "AI Component Search" app down to a minimal TypeScript scaffold. I reviewed everything that remains:

- **`src/index.ts`** — a single `greet` function with a clear doc comment; clean and idiomatic.
- **`src/index.test.ts`** — matching colocated Vitest test; clear.
- **`package.json`** — scripts are minimal and coherent (typecheck/test/ci); React/Next/Zod deps correctly dropped and `package-lock.json` reduced to match.
- **`tsconfig.json`** — trimmed to a non-Next, no-emit config; `@/*` alias retained.
- **`vitest.config.ts`** — mirrors the `@/*` alias and uses `passWithNoTests`; consistent with the README.
- **`README.md`** — accurately describes the new structure, scripts, the `@/*` alias in both configs, and the CI workflow.

I verified consistency against the actual repo (`vitest.config.ts` and `.github/workflows/ci.yml` exist and match the README) and ran the full CI gate:

- `npm run typecheck` — passes
- `npm run test` — 1 file / 1 test passes

The scaffold is intentionally minimal, and everything is clear, consistent, and self-describing. There are no meaningful complexity, naming, dead-code, or correctness issues to address, and no untested behavior. Introducing changes here would be churn without benefit, so per the review guidance I'm leaving it as-is.

<promise>COMPLETE</promise>
Agent stopped
Capturing session
No commits to sync out
No commits to sync out done (0.0s)
Collecting commits
Collecting commits done (0.0s)
Agent signaled completion after 1 iteration(s).
Run complete: agent finished after 1 iteration(s).
Context window: 137k
