
--- Run started: 2026-07-07T15:29:14.233Z ---
Sandcastle Run
  Agent: planner
  Sandbox: docker
  Max iterations: 1
  Branch: main
Iteration 1/1
Setting up sandbox
  npm install
Setting up sandbox done (11.1s)
Expanding shell expressions
  gh issue list --state open --label Sandcastle --limit 100 --json number,title,body,labels,comments --jq '[.[] | {number, title, body, labels: [.labels[].name], comments: [.comments[].body]}]' → ~76 tokens
Expanding shell expressions done (5.3s)
Agent started
There is only one open issue (#3), so it has no other issues to depend on. It is unblocked.

<plan>
{"issues": [{"id": "3", "title": "Add Brave Search API adapter", "branch": "sandcastle/issue-3"}]}
</plan>
Agent stopped
Capturing session
Collecting commits
Collecting commits done (0.0s)
Reached max iterations (1).
Run complete: reached 1 iteration(s) without completion signal.
Context window: 21k

--- Run started: 2026-07-07T15:34:29.807Z ---
Sandcastle Run
  Agent: planner
  Sandbox: docker
  Max iterations: 1
  Branch: main
Iteration 1/1
Setting up sandbox
  npm install
Setting up sandbox done (1.9s)
Expanding shell expressions
  gh issue list --state open --label Sandcastle --limit 100 --json number,title,body,labels,comments --jq '[.[] | {number, title, body, labels: [.labels[].name], comments: [.comments[].body]}]' → ~1 tokens
Expanding shell expressions done (6.6s)
Agent started
There are no open issues to work on.

<plan>{"issues": []}</plan>
Agent stopped
Capturing session
Collecting commits
Collecting commits done (0.0s)
Reached max iterations (1).
Run complete: reached 1 iteration(s) without completion signal.
Context window: 21k
